生成启动时间为 2013/5/21 14:11:36。
     1>项目“F:\金羽图书\人民邮电\数字图像处理与机器视觉(第2版)\DIPREC\final\2nd Edition\disk\chapter15\DigitRec_vs2012\DigitRec.vcxproj”在节点 2 上(build 个目标)。
     1>InitializeBuildStatus:
         正在创建“.\Debug\DigitRec.unsuccessfulbuild”，因为已指定“AlwaysCreate”。
       ClCompile:
         C:\Program Files (x86)\Microsoft Visual Studio 10.0\VC\bin\CL.exe /c /ZI /nologo /W3 /WX- /Od /Oy- /D WIN32 /D _DEBUG /D _WINDOWS /D _VC80_UPGRADE=0x0600 /D _MBCS /D _AFXDLL /Gm /EHsc /RTC1 /MDd /GS /Gy- /fp:precise /Zc:wchar_t /Zc:forScope /Yc"stdafx.h" /Fp".\Debug\DigitRec.pch" /Fo".\Debug\\" /Fd".\Debug\vc100.pdb" /FR".\Debug\\" /Gd /TP /analyze- /errorReport:prompt StdAfx.cpp
         StdAfx.cpp
         _WIN32_WINNT not defined. Defaulting to _WIN32_WINNT_MAXVER (see WinSDKVer.h)
     1>f:\金羽图书\人民邮电\数字图像处理与机器视觉(第2版)\diprec\final\2nd edition\disk\chapter15\digitrec_vs2012\ocrimageprocess\img.h(194): warning C4244: “初始化”: 从“double”转换到“float”，可能丢失数据
     1>f:\金羽图书\人民邮电\数字图像处理与机器视觉(第2版)\diprec\final\2nd edition\disk\chapter15\digitrec_vs2012\ocrimageprocess\imgprocess.h(96): warning C4244: “=”: 从“double”转换到“int”，可能丢失数据
     1>f:\金羽图书\人民邮电\数字图像处理与机器视觉(第2版)\diprec\final\2nd edition\disk\chapter15\digitrec_vs2012\ocrimageprocess\imgprocess.h(109): warning C4244: “=”: 从“double”转换到“int”，可能丢失数据
         C:\Program Files (x86)\Microsoft Visual Studio 10.0\VC\bin\CL.exe /c /ZI /nologo /W3 /WX- /Od /Oy- /D WIN32 /D _DEBUG /D _WINDOWS /D _VC80_UPGRADE=0x0600 /D _MBCS /D _AFXDLL /Gm /EHsc /RTC1 /MDd /GS /Gy- /fp:precise /Zc:wchar_t /Zc:forScope /Yu"stdafx.h" /Fp".\Debug\DigitRec.pch" /Fo".\Debug\\" /Fd".\Debug\vc100.pdb" /FR".\Debug\\" /Gd /TP /analyze- /errorReport:prompt DigitRec.cpp DigitRecDoc.cpp DigitRecView.cpp OCRImageProcess\Img.cpp OCRImageProcess\ImgProcess.cpp MainFrm.cpp neuralnet\NeuralData.cpp neuralnet\neuralnet.cpp OCRImageProcess\OCRImgProcess.cpp PreprocessDlg.cpp TestDialog.cpp TrainDlg.cpp neuralnet\ValueTrack.cpp OCRImageProcess\Vector2D.cpp
         Vector2D.cpp
     1>f:\金羽图书\人民邮电\数字图像处理与机器视觉(第2版)\diprec\final\2nd edition\disk\chapter15\digitrec_vs2012\ocrimageprocess\vector2d.cpp(145): warning C4018: “<”: 有符号/无符号不匹配
     1>f:\金羽图书\人民邮电\数字图像处理与机器视觉(第2版)\diprec\final\2nd edition\disk\chapter15\digitrec_vs2012\ocrimageprocess\vector2d.cpp(160): warning C4018: “<”: 有符号/无符号不匹配
         ValueTrack.cpp
     1>f:\金羽图书\人民邮电\数字图像处理与机器视觉(第2版)\diprec\final\2nd edition\disk\chapter15\digitrec_vs2012\neuralnet\valuetrack.cpp(152): warning C4244: “参数”: 从“double”转换到“int”，可能丢失数据
     1>f:\金羽图书\人民邮电\数字图像处理与机器视觉(第2版)\diprec\final\2nd edition\disk\chapter15\digitrec_vs2012\neuralnet\valuetrack.cpp(157): warning C4244: “参数”: 从“double”转换到“int”，可能丢失数据
     1>f:\金羽图书\人民邮电\数字图像处理与机器视觉(第2版)\diprec\final\2nd edition\disk\chapter15\digitrec_vs2012\neuralnet\valuetrack.cpp(162): warning C4244: “参数”: 从“double”转换到“int”，可能丢失数据
     1>f:\金羽图书\人民邮电\数字图像处理与机器视觉(第2版)\diprec\final\2nd edition\disk\chapter15\digitrec_vs2012\neuralnet\valuetrack.cpp(167): warning C4244: “参数”: 从“double”转换到“int”，可能丢失数据
         TrainDlg.cpp
     1>f:\金羽图书\人民邮电\数字图像处理与机器视觉(第2版)\diprec\final\2nd edition\disk\chapter15\digitrec_vs2012\traindlg.cpp(337): warning C4018: “<”: 有符号/无符号不匹配
     1>f:\金羽图书\人民邮电\数字图像处理与机器视觉(第2版)\diprec\final\2nd edition\disk\chapter15\digitrec_vs2012\traindlg.cpp(403): warning C4244: “初始化”: 从“ULONGLONG”转换到“DWORD”，可能丢失数据
         TestDialog.cpp
     1>f:\金羽图书\人民邮电\数字图像处理与机器视觉(第2版)\diprec\final\2nd edition\disk\chapter15\digitrec_vs2012\testdialog.cpp(88): warning C4244: “初始化”: 从“ULONGLONG”转换到“DWORD”，可能丢失数据
         PreprocessDlg.cpp
         OCRImgProcess.cpp
         neuralnet.cpp
     1>f:\金羽图书\人民邮电\数字图像处理与机器视觉(第2版)\diprec\final\2nd edition\disk\chapter15\digitrec_vs2012\neuralnet\neuralnet.cpp(275): warning C4018: “<”: 有符号/无符号不匹配
     1>f:\金羽图书\人民邮电\数字图像处理与机器视觉(第2版)\diprec\final\2nd edition\disk\chapter15\digitrec_vs2012\neuralnet\neuralnet.cpp(493): warning C4018: “<”: 有符号/无符号不匹配
         NeuralData.cpp
     1>f:\金羽图书\人民邮电\数字图像处理与机器视觉(第2版)\diprec\final\2nd edition\disk\chapter15\digitrec_vs2012\neuralnet\neuraldata.cpp(122): warning C4018: “<”: 有符号/无符号不匹配
         MainFrm.cpp
         ImgProcess.cpp
     1>f:\金羽图书\人民邮电\数字图像处理与机器视觉(第2版)\diprec\final\2nd edition\disk\chapter15\digitrec_vs2012\ocrimageprocess\imgprocess.cpp(748): warning C4244: “=”: 从“double”转换到“BYTE”，可能丢失数据
     1>f:\金羽图书\人民邮电\数字图像处理与机器视觉(第2版)\diprec\final\2nd edition\disk\chapter15\digitrec_vs2012\ocrimageprocess\imgprocess.cpp(1020): warning C4244: “=”: 从“double”转换到“int”，可能丢失数据
     1>f:\金羽图书\人民邮电\数字图像处理与机器视觉(第2版)\diprec\final\2nd edition\disk\chapter15\digitrec_vs2012\ocrimageprocess\imgprocess.cpp(1685): warning C4244: “初始化”: 从“double”转换到“int”，可能丢失数据
     1>f:\金羽图书\人民邮电\数字图像处理与机器视觉(第2版)\diprec\final\2nd edition\disk\chapter15\digitrec_vs2012\ocrimageprocess\imgprocess.cpp(1707): warning C4244: “=”: 从“double”转换到“int”，可能丢失数据
     1>f:\金羽图书\人民邮电\数字图像处理与机器视觉(第2版)\diprec\final\2nd edition\disk\chapter15\digitrec_vs2012\ocrimageprocess\imgprocess.cpp(1715): warning C4244: “=”: 从“double”转换到“int”，可能丢失数据
     1>f:\金羽图书\人民邮电\数字图像处理与机器视觉(第2版)\diprec\final\2nd edition\disk\chapter15\digitrec_vs2012\ocrimageprocess\imgprocess.cpp(1811): warning C4244: “=”: 从“double”转换到“int”，可能丢失数据
     1>f:\金羽图书\人民邮电\数字图像处理与机器视觉(第2版)\diprec\final\2nd edition\disk\chapter15\digitrec_vs2012\ocrimageprocess\imgprocess.cpp(2538): warning C4244: “初始化”: 从“double”转换到“int”，可能丢失数据
     1>f:\金羽图书\人民邮电\数字图像处理与机器视觉(第2版)\diprec\final\2nd edition\disk\chapter15\digitrec_vs2012\ocrimageprocess\imgprocess.cpp(2539): warning C4244: “初始化”: 从“double”转换到“int”，可能丢失数据
     1>f:\金羽图书\人民邮电\数字图像处理与机器视觉(第2版)\diprec\final\2nd edition\disk\chapter15\digitrec_vs2012\ocrimageprocess\imgprocess.cpp(3617): warning C4244: “=”: 从“double”转换到“BYTE”，可能丢失数据
     1>f:\金羽图书\人民邮电\数字图像处理与机器视觉(第2版)\diprec\final\2nd edition\disk\chapter15\digitrec_vs2012\ocrimageprocess\imgprocess.cpp(3618): warning C4244: “=”: 从“double”转换到“BYTE”，可能丢失数据
     1>f:\金羽图书\人民邮电\数字图像处理与机器视觉(第2版)\diprec\final\2nd edition\disk\chapter15\digitrec_vs2012\ocrimageprocess\imgprocess.cpp(3624): warning C4244: “=”: 从“double”转换到“BYTE”，可能丢失数据
     1>f:\金羽图书\人民邮电\数字图像处理与机器视觉(第2版)\diprec\final\2nd edition\disk\chapter15\digitrec_vs2012\ocrimageprocess\imgprocess.cpp(3781): warning C4244: “=”: 从“long”转换到“BYTE”，可能丢失数据
     1>f:\金羽图书\人民邮电\数字图像处理与机器视觉(第2版)\diprec\final\2nd edition\disk\chapter15\digitrec_vs2012\ocrimageprocess\imgprocess.cpp(3933): warning C4244: “=”: 从“double”转换到“int”，可能丢失数据
     1>f:\金羽图书\人民邮电\数字图像处理与机器视觉(第2版)\diprec\final\2nd edition\disk\chapter15\digitrec_vs2012\ocrimageprocess\imgprocess.cpp(3978): warning C4244: “=”: 从“double”转换到“int”，可能丢失数据
     1>f:\金羽图书\人民邮电\数字图像处理与机器视觉(第2版)\diprec\final\2nd edition\disk\chapter15\digitrec_vs2012\ocrimageprocess\imgprocess.cpp(4079): warning C4244: “=”: 从“double”转换到“int”，可能丢失数据
     1>f:\金羽图书\人民邮电\数字图像处理与机器视觉(第2版)\diprec\final\2nd edition\disk\chapter15\digitrec_vs2012\ocrimageprocess\imgprocess.cpp(4133): warning C4244: “=”: 从“double”转换到“int”，可能丢失数据
     1>f:\金羽图书\人民邮电\数字图像处理与机器视觉(第2版)\diprec\final\2nd edition\disk\chapter15\digitrec_vs2012\ocrimageprocess\imgprocess.cpp(5102): warning C4244: “=”: 从“double”转换到“int”，可能丢失数据
         Img.cpp
     1>f:\金羽图书\人民邮电\数字图像处理与机器视觉(第2版)\diprec\final\2nd edition\disk\chapter15\digitrec_vs2012\ocrimageprocess\img.cpp(842): warning C4244: “初始化”: 从“double”转换到“int”，可能丢失数据
     1>f:\金羽图书\人民邮电\数字图像处理与机器视觉(第2版)\diprec\final\2nd edition\disk\chapter15\digitrec_vs2012\ocrimageprocess\img.cpp(888): warning C4244: “初始化”: 从“double”转换到“BYTE”，可能丢失数据
         DigitRecView.cpp
     1>f:\金羽图书\人民邮电\数字图像处理与机器视觉(第2版)\diprec\final\2nd edition\disk\chapter15\digitrec_vs2012\digitrecview.cpp(122): warning C4018: “<”: 有符号/无符号不匹配
     1>f:\金羽图书\人民邮电\数字图像处理与机器视觉(第2版)\diprec\final\2nd edition\disk\chapter15\digitrec_vs2012\digitrecview.cpp(235): warning C4996: 'fopen': This function or variable may be unsafe. Consider using fopen_s instead. To disable deprecation, use _CRT_SECURE_NO_WARNINGS. See online help for details.
                 c:\program files (x86)\microsoft visual studio 10.0\vc\include\stdio.h(234) : 参见“fopen”的声明
     1>f:\金羽图书\人民邮电\数字图像处理与机器视觉(第2版)\diprec\final\2nd edition\disk\chapter15\digitrec_vs2012\digitrecview.cpp(296): warning C4244: “初始化”: 从“double”转换到“int”，可能丢失数据
         DigitRecDoc.cpp
         DigitRec.cpp
     1>f:\金羽图书\人民邮电\数字图像处理与机器视觉(第2版)\diprec\final\2nd edition\disk\chapter15\digitrec_vs2012\digitrec.cpp(60): warning C4996: 'CWinApp::Enable3dControls': CWinApp::Enable3dControls is no longer needed. You should remove this call.
                 c:\program files (x86)\microsoft visual studio 10.0\vc\atlmfc\include\afxwin.h(5344) : 参见“CWinApp::Enable3dControls”的声明
         正在生成代码...
       ResourceCompile:
         C:\Program Files (x86)\Microsoft SDKs\Windows\v7.0A\bin\rc.exe /D _DEBUG /D _VC80_UPGRADE=0x0600 /D _AFXDLL /l"0x0804" /nologo /fo".\Debug\DigitRec.res" DigitRec.rc 
       ManifestResourceCompile:
         C:\Program Files (x86)\Microsoft SDKs\Windows\v7.0A\bin\rc.exe /nologo /fo".\Debug\DigitRec.exe.embed.manifest.res" .\Debug\DigitRec_manifest.rc 
       Link:
         C:\Program Files (x86)\Microsoft Visual Studio 10.0\VC\bin\link.exe /ERRORREPORT:PROMPT /OUT:".\Debug\DigitRec.exe" /INCREMENTAL /NOLOGO /MANIFEST /ManifestFile:".\Debug\DigitRec.exe.intermediate.manifest" /MANIFESTUAC:"level='asInvoker' uiAccess='false'" /DEBUG /PDB:"F:\金羽图书\人民邮电\数字图像处理与机器视觉(第2版)\DIPREC\final\2nd Edition\disk\chapter15\DigitRec_vs2012\Debug\DigitRec.pdb" /SUBSYSTEM:WINDOWS /TLBID:1 /DYNAMICBASE /NXCOMPAT /IMPLIB:".\Debug\DigitRec.lib" /MACHINE:X86 .\Debug\DigitRec.res
         .\Debug\DigitRec.exe.embed.manifest.res
         .\Debug\DigitRec.obj
         .\Debug\DigitRecDoc.obj
         .\Debug\DigitRecView.obj
         .\Debug\Img.obj
         .\Debug\ImgProcess.obj
         .\Debug\MainFrm.obj
         .\Debug\NeuralData.obj
         .\Debug\neuralnet.obj
         .\Debug\OCRImgProcess.obj
         .\Debug\PreprocessDlg.obj
         .\Debug\StdAfx.obj
         .\Debug\TestDialog.obj
         .\Debug\TrainDlg.obj
         .\Debug\ValueTrack.obj
         .\Debug\Vector2D.obj
       Manifest:
         正在删除文件“.\Debug\DigitRec.exe.embed.manifest”。
         C:\Program Files (x86)\Microsoft SDKs\Windows\v7.0A\bin\mt.exe /nologo /verbose /out:".\Debug\DigitRec.exe.embed.manifest" /manifest .\Debug\DigitRec.exe.intermediate.manifest "C:\Program Files (x86)\Microsoft Visual Studio 10.0\VC\Include\Manifest\dpiaware.manifest"
         C:\Program Files (x86)\Microsoft SDKs\Windows\v7.0A\bin\rc.exe /nologo /fo".\Debug\DigitRec.exe.embed.manifest.res" .\Debug\DigitRec_manifest.rc 
       LinkEmbedManifest:
         C:\Program Files (x86)\Microsoft Visual Studio 10.0\VC\bin\link.exe /ERRORREPORT:PROMPT /OUT:".\Debug\DigitRec.exe" /INCREMENTAL /NOLOGO /MANIFEST /ManifestFile:".\Debug\DigitRec.exe.intermediate.manifest" /MANIFESTUAC:"level='asInvoker' uiAccess='false'" /DEBUG /PDB:"F:\金羽图书\人民邮电\数字图像处理与机器视觉(第2版)\DIPREC\final\2nd Edition\disk\chapter15\DigitRec_vs2012\Debug\DigitRec.pdb" /SUBSYSTEM:WINDOWS /TLBID:1 /DYNAMICBASE /NXCOMPAT /IMPLIB:".\Debug\DigitRec.lib" /MACHINE:X86 .\Debug\DigitRec.res
         .\Debug\DigitRec.exe.embed.manifest.res
         .\Debug\DigitRec.obj
         .\Debug\DigitRecDoc.obj
         .\Debug\DigitRecView.obj
         .\Debug\Img.obj
         .\Debug\ImgProcess.obj
         .\Debug\MainFrm.obj
         .\Debug\NeuralData.obj
         .\Debug\neuralnet.obj
         .\Debug\OCRImgProcess.obj
         .\Debug\PreprocessDlg.obj
         .\Debug\StdAfx.obj
         .\Debug\TestDialog.obj
         .\Debug\TrainDlg.obj
         .\Debug\ValueTrack.obj
         .\Debug\Vector2D.obj
         DigitRec.vcxproj -> F:\金羽图书\人民邮电\数字图像处理与机器视觉(第2版)\DIPREC\final\2nd Edition\disk\chapter15\DigitRec_vs2012\.\Debug\DigitRec.exe
       BscMake:
         C:\Program Files (x86)\Microsoft Visual Studio 10.0\VC\bin\bscmake.exe /nologo /o".\Debug\DigitRec.bsc" .\Debug\DigitRec.sbr .\Debug\DigitRecDoc.sbr .\Debug\DigitRecView.sbr .\Debug\Img.sbr .\Debug\ImgProcess.sbr .\Debug\MainFrm.sbr .\Debug\NeuralData.sbr .\Debug\neuralnet.sbr .\Debug\OCRImgProcess.sbr .\Debug\PreprocessDlg.sbr .\Debug\StdAfx.sbr .\Debug\TestDialog.sbr .\Debug\TrainDlg.sbr .\Debug\ValueTrack.sbr .\Debug\Vector2D.sbr
       FinalizeBuildStatus:
         正在删除文件“.\Debug\DigitRec.unsuccessfulbuild”。
         正在对“.\Debug\DigitRec.lastbuildstate”执行 Touch 任务。
     1>已完成生成项目“F:\金羽图书\人民邮电\数字图像处理与机器视觉(第2版)\DIPREC\final\2nd Edition\disk\chapter15\DigitRec_vs2012\DigitRec.vcxproj”(build 个目标)的操作。

生成成功。

已用时间 00:00:17.06
